<?xml version="1.0" encoding="UTF-8"?>
<testsuite name="TaskManagerTest" tests="1" skipped="0" failures="1" errors="0" timestamp="2020-01-11T18:02:17" hostname="Tamamis-MBP.attlocal.net" time="0.059">
  <properties/>
  <testcase name="verify timer (internval) is working as expected" classname="TaskManagerTest" time="0.059">
    <failure message="groovy.lang.GroovyRuntimeException: Could not find matching constructor for: model.RecurringJob(java.lang.Integer, java.lang.Integer, java.lang.Long)" type="groovy.lang.GroovyRuntimeException">groovy.lang.GroovyRuntimeException: Could not find matching constructor for: model.RecurringJob(java.lang.Integer, java.lang.Integer, java.lang.Long)
	at TaskManagerTest.verify timer (internval) is working as expected(TaskManagerTest.groovy:40)
</failure>
  </testcase>
  <system-out><![CDATA[]]></system-out>
  <system-err><![CDATA[]]></system-err>
</testsuite>
