<?xml version="1.0" encoding="UTF-8"?>
<testsuite name="SortedSetTest" tests="3" skipped="0" failures="0" errors="0" timestamp="2020-01-15T05:18:20" hostname="Tamamis-MBP.attlocal.net" time="0.019">
  <properties/>
  <testcase name="ordering jobs" classname="SortedSetTest" time="0.002"/>
  <testcase name="check ordering of Job works" classname="SortedSetTest" time="0.004"/>
  <testcase name="check inserting non-Recurring Jobs and Recurring Jobs correctly" classname="SortedSetTest" time="0.013"/>
  <system-out><![CDATA[23:18:20.055 [Test worker] INFO  service.JobStorage - Created job storage with max capacity 3
23:18:20.056 [Test worker] INFO  service.JobStorage - Job Is Being Added
23:18:20.057 [Test worker] INFO  service.JobStorage - Job Is Being Added
23:18:20.058 [Test worker] INFO  service.JobStorage - Job Is Being Added
JobStorage{[Job{jobNumber=1, priority=3, addedDate=1579065500056}, Job{jobNumber=3, priority=2, addedDate=1579065500056}, Job{jobNumber=2, priority=1, addedDate=1579065500056}]}
JobStorage{[Job{jobNumber=1, priority=3, addedDate=1579065500056}, Job{jobNumber=3, priority=2, addedDate=1579065500056}]}
Job{jobNumber=2, priority=1, addedDate=1579065500056}
JobStorage{[Job{jobNumber=1, priority=3, addedDate=1579065500056}]}
Job{jobNumber=3, priority=2, addedDate=1579065500056}
JobStorage{[]}
Job{jobNumber=1, priority=3, addedDate=1579065500056}
23:18:20.059 [Test worker] INFO  service.JobStorage - Created job storage with max capacity 4
JobStorage{[]}
23:18:20.059 [Test worker] INFO  service.JobStorage - Created job storage with max capacity 4
23:18:20.059 [Test worker] INFO  service.TaskManager - Created Task Manager with capacity of 4 jobs
23:18:20.059 [Test worker] INFO  service.JobStorage - Job Is Being Added
23:18:20.059 [Test worker] INFO  service.JobStorage - Job Is Being Added
23:18:20.060 [Test worker] INFO  service.JobStorage - Job Is Being Added
23:18:20.060 [Test worker] INFO  service.JobStorage - Job Is Being Added
JobStorage{[]}
]]></system-out>
  <system-err><![CDATA[]]></system-err>
</testsuite>
