<?xml version="1.0" encoding="UTF-8"?>
<testsuite name="SortedSetTest" tests="2" skipped="0" failures="0" errors="0" timestamp="2020-01-15T06:21:20" hostname="Tamamis-MBP.attlocal.net" time="0.037">
  <properties/>
  <testcase name="check ordering of Job works" classname="SortedSetTest" time="0.01"/>
  <testcase name="check inserting non-Recurring Jobs and Recurring Jobs correctly" classname="SortedSetTest" time="0.027"/>
  <system-out><![CDATA[00:21:20.962 [Test worker] INFO  service.JobStorage - Created job storage with max capacity 3
00:21:20.964 [Test worker] INFO  service.JobStorage - Completed sleeping for 1 milliseconds
00:21:20.965 [Test worker] INFO  service.JobStorage - Job Is Being Added
00:21:20.967 [Test worker] INFO  service.JobStorage - Completed sleeping for 1 milliseconds
00:21:20.968 [Test worker] INFO  service.JobStorage - Job Is Being Added
00:21:20.970 [Test worker] INFO  service.JobStorage - Completed sleeping for 1 milliseconds
00:21:20.970 [Test worker] INFO  service.JobStorage - Job Is Being Added
JobStorage{[Job{jobNumber=1, priority=3, addedDate=1579069280962}, Job{jobNumber=3, priority=2, addedDate=1579069280962}, Job{jobNumber=2, priority=1, addedDate=1579069280962}]}
JobStorage{[Job{jobNumber=1, priority=3, addedDate=1579069280962}, Job{jobNumber=3, priority=2, addedDate=1579069280962}]}
Job{jobNumber=2, priority=1, addedDate=1579069280962}
JobStorage{[Job{jobNumber=1, priority=3, addedDate=1579069280962}]}
Job{jobNumber=3, priority=2, addedDate=1579069280962}
JobStorage{[]}
Job{jobNumber=1, priority=3, addedDate=1579069280962}
00:21:20.972 [Test worker] INFO  service.JobStorage - Created job storage with max capacity 4
JobStorage{[]}
00:21:20.972 [Test worker] INFO  service.JobStorage - Created job storage with max capacity 4
00:21:20.972 [Test worker] INFO  service.TaskManager - Created Task Manager with capacity of 4 jobs
00:21:20.975 [Test worker] INFO  service.JobStorage - Completed sleeping for 1 milliseconds
00:21:20.977 [Test worker] INFO  service.JobStorage - Job Is Being Added
00:21:20.981 [Test worker] INFO  service.JobStorage - Completed sleeping for 1 milliseconds
00:21:20.981 [Test worker] INFO  service.JobStorage - Job Is Being Added
00:21:20.983 [Test worker] INFO  service.JobStorage - Completed sleeping for 1 milliseconds
00:21:20.983 [Test worker] INFO  service.JobStorage - Job Is Being Added
00:21:20.985 [Test worker] INFO  service.JobStorage - Completed sleeping for 1 milliseconds
00:21:20.985 [Test worker] INFO  service.JobStorage - Job Is Being Added
JobStorage{[]}
]]></system-out>
  <system-err><![CDATA[]]></system-err>
</testsuite>
