<?xml version="1.0" encoding="UTF-8"?>
<testsuite name="TaskManagerTest" tests="3" skipped="0" failures="0" errors="0" timestamp="2020-01-15T06:21:14" hostname="Tamamis-MBP.attlocal.net" time="6.338">
  <properties/>
  <testcase name="verify that a task can be inserted and retrieved" classname="TaskManagerTest" time="0.094"/>
  <testcase name="verify that a recurring task can be inserted and retrieved" classname="TaskManagerTest" time="0.02"/>
  <testcase name="verify timer (interval) is working as expected" classname="TaskManagerTest" time="6.179"/>
  <system-out><![CDATA[00:21:14.656 [Test worker] INFO  service.JobStorage - Created job storage with max capacity 2
00:21:14.656 [Test worker] INFO  service.TaskManager - Created Task Manager with capacity of 2 jobs
00:21:14.677 [Test worker] INFO  service.JobStorage - Completed sleeping for 1 milliseconds
00:21:14.677 [Test worker] INFO  service.JobStorage - Job Is Being Added
Job{jobNumber=10001, priority=1, addedDate=1579069274676}
00:21:14.711 [Test worker] INFO  service.JobStorage - Created job storage with max capacity 2
00:21:14.712 [Test worker] INFO  service.TaskManager - Created Task Manager with capacity of 2 jobs
00:21:14.724 [Test worker] INFO  service.JobStorage - Completed sleeping for 1 milliseconds
00:21:14.725 [Test worker] INFO  service.JobStorage - Job Is Being Added
Job{jobNumber=10002, priority=2, addedDate=1579069274723}
00:21:14.896 [Test worker] INFO  service.JobStorage - Created job storage with max capacity 2
00:21:14.897 [Test worker] INFO  service.TaskManager - Created Task Manager with capacity of 2 jobs
00:21:19.914 [Timer-1] INFO  service.JobStorage - Completed sleeping for 1 milliseconds
00:21:19.918 [Timer-1] INFO  service.JobStorage - Job Is Being Added
00:21:19.918 [Timer-1] INFO  service.TaskManager - Timer Task Finished..! Task was added =  true
]]></system-out>
  <system-err><![CDATA[]]></system-err>
</testsuite>
